<?xml version="1.0" encoding="UTF-8"?>
<testsuite xmlns:xsi="http://www.w3.org/2001/XMLSchema-instance" xsi:noNamespaceSchemaLocation="https://maven.apache.org/surefire/maven-surefire-plugin/xsd/surefire-test-report.xsd" version="3.0.2" name="calculator.RunCucumberTest" time="0.082" tests="1" errors="1" skipped="0" failures="0">
  <properties>
[...]
</properties>
  <testcase name="Calculator - Add two numbers" classname="Calculator" time="0.03">
    <error message="TODO: implement me" type="io.cucumber.java.PendingException"><![CDATA[io.cucumber.java.PendingException: TODO: implement me
	at calculator.StepDefinitions.the_first_number_is(StepDefinitions.java:12)
	at ✽.the first number is 50(classpath:calculator/calculator.feature:4)
]]></error>
    <system-out><![CDATA[
Scenario: Add two numbers        &amp#27;[90m# calculator/calculator.feature:3&amp#27;[0m
  &amp#27;[33mGiven &amp#27;[0m&amp#27;[33mthe first number is &amp#27;[0m&amp#27;[33m&amp#27;[1m50&amp#27;[0m   &amp#27;[90m# calculator.StepDefinitions.the_first_number_is(java.lang.Integer)&amp#27;[0m
      &amp#27;[33mio.cucumber.java.PendingException: TODO: implement me
	at calculator.StepDefinitions.the_first_number_is(StepDefinitions.java:12)
	at ✽.the first number is 50(classpath:calculator/calculator.feature:4)
&amp#27;[0m
  &amp#27;[36mAnd &amp#27;[0m&amp#27;[36mthe second number is &amp#27;[0m&amp#27;[36m&amp#27;[1m70&amp#27;[0m    &amp#27;[90m# calculator.StepDefinitions.the_second_number_is(java.lang.Integer)&amp#27;[0m
  &amp#27;[36mWhen &amp#27;[0m&amp#27;[36mthe two numbers are added&amp#27;[0m &amp#27;[90m# calculator.StepDefinitions.the_two_numbers_are_added()&amp#27;[0m
  &amp#27;[36mThen &amp#27;[0m&amp#27;[36mthe result should be &amp#27;[0m&amp#27;[36m&amp#27;[1m120&amp#27;[0m  &amp#27;[90m# calculator.StepDefinitions.the_result_should_be(java.lang.Integer)&amp#27;[0m
]]></system-out>
  </testcase>
</testsuite>